{"level":"info","message":"⌛ Building environment","timeElapsed":105,"timestamp":"2024-05-18T07:12:08.753Z"}
{"level":"error","message":"Failed to get type description Failed to print, found malformed node","node":{"id":"f572e99b-5e9e-4132-b41b-8b1a29ef037d","metadata":[{"args":{"position":"end","text":"//////////////////////////--VERIFICACIONES--////////////////////////////////"},"name":"comment"}],"problems":[{"code":"malformedSentence","sourceMap":{"end":{"column":66,"line":105,"offset":2319},"start":{"column":2,"line":105,"offset":2255}}}],"scope":{"containerScope":{"containerScope":{"containerScope":{"containerScope":{"containerScope":{"contributions":{},"includedScopes":[]},"contributions":{},"includedScopes":[]},"contributions":{},"includedScopes":[{"contributions":{},"includedScopes":[]},{"contributions":{},"includedScopes":[]},{"contributions":{},"includedScopes":[]},{"contributions":{},"includedScopes":[]}]},"contributions":{},"includedScopes":[{"containerScope":{"containerScope":{"containerScope":{"contributions":{},"includedScopes":[]},"contributions":{},"includedScopes":[]},"contributions":{},"includedScopes":[]},"contributions":{},"includedScopes":[]}]},"contributions":{},"includedScopes":[]},"contributions":{},"includedScopes":[]},"sentences":[],"sourceMap":{"end":{"column":77,"line":109,"offset":2405},"start":{"column":26,"line":104,"offset":2251}}},"stack":"Error: Failed to print, found malformed node\n    at c:\\Users\\Rodriexe\\.vscode\\extensions\\uqbar.wollok-lsp-ide-0.3.0\\node_modules\\wollok-ts\\dist\\printer\\print.js:26:15\n    at c:\\Users\\Rodriexe\\.vscode\\extensions\\uqbar.wollok-lsp-ide-0.3.0\\node_modules\\wollok-ts\\dist\\printer\\print.js:66:44\n    at c:\\Users\\Rodriexe\\.vscode\\extensions\\uqbar.wollok-lsp-ide-0.3.0\\node_modules\\wollok-ts\\dist\\extensions.js:81:20\n    at c:\\Users\\Rodriexe\\.vscode\\extensions\\uqbar.wollok-lsp-ide-0.3.0\\node_modules\\wollok-ts\\dist\\printer\\print.js:29:56\n    at Array.map (<anonymous>)\n    at c:\\Users\\Rodriexe\\.vscode\\extensions\\uqbar.wollok-lsp-ide-0.3.0\\node_modules\\wollok-ts\\dist\\printer\\print.js:331:80\n    at c:\\Users\\Rodriexe\\.vscode\\extensions\\uqbar.wollok-lsp-ide-0.3.0\\node_modules\\wollok-ts\\dist\\printer\\print.js:256:49\n    at c:\\Users\\Rodriexe\\.vscode\\extensions\\uqbar.wollok-lsp-ide-0.3.0\\node_modules\\wollok-ts\\dist\\printer\\print.js:237:30\n    at c:\\Users\\Rodriexe\\.vscode\\extensions\\uqbar.wollok-lsp-ide-0.3.0\\node_modules\\wollok-ts\\dist\\extensions.js:81:20\n    at c:\\Users\\Rodriexe\\.vscode\\extensions\\uqbar.wollok-lsp-ide-0.3.0\\node_modules\\wollok-ts\\dist\\printer\\print.js:29:56","timestamp":"2024-05-18T07:12:44.728Z"}
{"files":["src/juego.wpgm"],"level":"error","message":"✘ Failed to build environment: Error: Failed to parse src/juego.wpgm: \n-- PARSING FAILED --------------------------------------------------\n\n  4 | \n  5 | \tgame.start()\n> 6 | }\n    | ^\n\nExpected one of the following: \n\n'@', 'class', 'const', 'describe', 'mixin', 'object', 'only', 'package', 'program', 'test', 'var', '{', EOF, comment, not \"}\", whitespace\n","timestamp":"2024-05-18T07:14:24.344Z"}
{"level":"error","message":"✘ Failed to rebuild document Failed to parse src/juego.wpgm: \n-- PARSING FAILED --------------------------------------------------\n\n  4 | \n  5 | \tgame.start()\n> 6 | }\n    | ^\n\nExpected one of the following: \n\n'@', 'class', 'const', 'describe', 'mixin', 'object', 'only', 'package', 'program', 'test', 'var', '{', EOF, comment, not \"}\", whitespace\n","stack":"Error: Failed to parse src/juego.wpgm: \n-- PARSING FAILED --------------------------------------------------\n\n  4 | \n  5 | \tgame.start()\n> 6 | }\n    | ^\n\nExpected one of the following: \n\n'@', 'class', 'const', 'describe', 'mixin', 'object', 'only', 'package', 'program', 'test', 'var', '{', EOF, comment, not \"}\", whitespace\n\n    at c:\\Users\\Rodriexe\\.vscode\\extensions\\uqbar.wollok-lsp-ide-0.3.0\\node_modules\\wollok-ts\\dist\\index.js:54:19\n    at Array.map (<anonymous>)\n    at buildEnvironment (c:\\Users\\Rodriexe\\.vscode\\extensions\\uqbar.wollok-lsp-ide-0.3.0\\node_modules\\wollok-ts\\dist\\index.js:49:40)\n    at EnvironmentProvider.buildEnvironmentFrom (c:\\Users\\Rodriexe\\.vscode\\extensions\\uqbar.wollok-lsp-ide-0.3.0\\server\\out\\utils\\vm\\environment.js:30:66)\n    at EnvironmentProvider.updateEnvironmentWith (c:\\Users\\Rodriexe\\.vscode\\extensions\\uqbar.wollok-lsp-ide-0.3.0\\server\\out\\utils\\vm\\environment.js:20:37)\n    at rebuildTextDocument (c:\\Users\\Rodriexe\\.vscode\\extensions\\uqbar.wollok-lsp-ide-0.3.0\\server\\out\\server.js:114:29)\n    at CallbackList.invoke (c:\\Users\\Rodriexe\\.vscode\\extensions\\uqbar.wollok-lsp-ide-0.3.0\\server\\node_modules\\vscode-jsonrpc\\lib\\common\\events.js:55:39)\n    at Emitter.fire (c:\\Users\\Rodriexe\\.vscode\\extensions\\uqbar.wollok-lsp-ide-0.3.0\\server\\node_modules\\vscode-jsonrpc\\lib\\common\\events.js:117:36)\n    at c:\\Users\\Rodriexe\\.vscode\\extensions\\uqbar.wollok-lsp-ide-0.3.0\\server\\node_modules\\vscode-languageserver\\lib\\common\\textDocuments.js:138:42\n    at handleNotification (c:\\Users\\Rodriexe\\.vscode\\extensions\\uqbar.wollok-lsp-ide-0.3.0\\server\\node_modules\\vscode-jsonrpc\\lib\\common\\connection.js:640:25)","timestamp":"2024-05-18T07:14:24.344Z"}
{"level":"error","message":"Failed to get type description Failed to print, found malformed node","node":{"id":"f4dc20d0-53f7-4e0e-bfcb-0a10af0d2c96","metadata":[{"args":{"position":"end","text":"//////////////////////////--VERIFICACIONES--////////////////////////////////"},"name":"comment"}],"problems":[{"code":"malformedSentence","sourceMap":{"end":{"column":66,"line":105,"offset":2319},"start":{"column":2,"line":105,"offset":2255}}}],"scope":{"containerScope":{"containerScope":{"containerScope":{"containerScope":{"containerScope":{"contributions":{},"includedScopes":[]},"contributions":{},"includedScopes":[]},"contributions":{},"includedScopes":[{"contributions":{},"includedScopes":[]},{"contributions":{},"includedScopes":[]},{"contributions":{},"includedScopes":[]},{"contributions":{},"includedScopes":[]}]},"contributions":{},"includedScopes":[{"containerScope":{"containerScope":{"containerScope":{"contributions":{},"includedScopes":[]},"contributions":{},"includedScopes":[]},"contributions":{},"includedScopes":[]},"contributions":{},"includedScopes":[]}]},"contributions":{},"includedScopes":[]},"contributions":{},"includedScopes":[]},"sentences":[],"sourceMap":{"end":{"column":77,"line":109,"offset":2405},"start":{"column":26,"line":104,"offset":2251}}},"stack":"Error: Failed to print, found malformed node\n    at c:\\Users\\Rodriexe\\.vscode\\extensions\\uqbar.wollok-lsp-ide-0.3.0\\node_modules\\wollok-ts\\dist\\printer\\print.js:26:15\n    at c:\\Users\\Rodriexe\\.vscode\\extensions\\uqbar.wollok-lsp-ide-0.3.0\\node_modules\\wollok-ts\\dist\\printer\\print.js:66:44\n    at c:\\Users\\Rodriexe\\.vscode\\extensions\\uqbar.wollok-lsp-ide-0.3.0\\node_modules\\wollok-ts\\dist\\extensions.js:81:20\n    at c:\\Users\\Rodriexe\\.vscode\\extensions\\uqbar.wollok-lsp-ide-0.3.0\\node_modules\\wollok-ts\\dist\\printer\\print.js:29:56\n    at Array.map (<anonymous>)\n    at c:\\Users\\Rodriexe\\.vscode\\extensions\\uqbar.wollok-lsp-ide-0.3.0\\node_modules\\wollok-ts\\dist\\printer\\print.js:331:80\n    at c:\\Users\\Rodriexe\\.vscode\\extensions\\uqbar.wollok-lsp-ide-0.3.0\\node_modules\\wollok-ts\\dist\\printer\\print.js:256:49\n    at c:\\Users\\Rodriexe\\.vscode\\extensions\\uqbar.wollok-lsp-ide-0.3.0\\node_modules\\wollok-ts\\dist\\printer\\print.js:237:30\n    at c:\\Users\\Rodriexe\\.vscode\\extensions\\uqbar.wollok-lsp-ide-0.3.0\\node_modules\\wollok-ts\\dist\\extensions.js:81:20\n    at c:\\Users\\Rodriexe\\.vscode\\extensions\\uqbar.wollok-lsp-ide-0.3.0\\node_modules\\wollok-ts\\dist\\printer\\print.js:29:56","timestamp":"2024-05-18T08:34:24.207Z"}
{"level":"info","message":"⌛ Building environment","timeElapsed":128,"timestamp":"2024-06-15T01:03:46.767Z"}
{"level":"info","message":"onRequest - WORKSPACE_URI:file:///c%3A/Users/Rodriexe/git/2024s1-tp-grupal-juego-grupo-1-3","timestamp":"2024-06-15T01:03:46.769Z"}
{"level":"info","message":"⌛ Building environment","timeElapsed":113,"timestamp":"2024-06-15T01:03:46.958Z"}
{"level":"info","message":"⌛ Validating src/menu.wlk","timeElapsed":102,"timestamp":"2024-06-15T01:03:47.062Z"}
{"level":"info","message":"⌛ Validating src/habitacion.wlk","timeElapsed":151,"timestamp":"2024-06-15T01:03:47.340Z"}
{"level":"info","message":"⌛ Building environment","timeElapsed":190,"timestamp":"2024-06-15T01:03:47.531Z"}
{"level":"info","message":"⌛ Building environment","timeElapsed":117,"timestamp":"2024-06-15T01:03:47.649Z"}
{"level":"info","message":"⌛ Building environment","timeElapsed":101,"timestamp":"2024-06-15T01:03:47.849Z"}
{"level":"info","message":"⌛ Building environment","timeElapsed":131,"timestamp":"2024-06-15T01:03:48.045Z"}
{"level":"info","message":"⌛ Building environment","timeElapsed":105,"timestamp":"2024-06-15T01:03:48.151Z"}
{"level":"info","message":"⌛ Building environment","timeElapsed":103,"timestamp":"2024-06-15T01:03:48.254Z"}
{"level":"info","message":"⌛ Building environment","timeElapsed":122,"timestamp":"2024-06-15T01:03:48.379Z"}
{"level":"info","message":"⌛ Building environment","timeElapsed":137,"timestamp":"2024-06-15T01:03:48.517Z"}
{"level":"info","message":"⌛ Building environment","timeElapsed":116,"timestamp":"2024-06-15T01:03:48.635Z"}
{"level":"info","message":"⌛ Validating src/posiciones.wlk","timeElapsed":108,"timestamp":"2024-06-15T01:03:49.296Z"}
{"level":"info","message":"⌛ Validating src/asterion.wlk","timeElapsed":105,"timestamp":"2024-06-15T01:03:49.482Z"}
{"level":"info","message":"⌛ Validating src/artefactos.wlk","timeElapsed":114,"timestamp":"2024-06-15T01:03:49.596Z"}
{"level":"info","message":"⌛ Validating bin/artefactos.wlk","timeElapsed":112,"timestamp":"2024-06-15T01:03:49.710Z"}
{"level":"info","message":"⌛ Validating bin/asterion.wlk","timeElapsed":122,"timestamp":"2024-06-15T01:03:49.832Z"}
{"level":"info","message":"⌛ Validating bin/tests.wtest","timeElapsed":121,"timestamp":"2024-06-15T01:03:49.954Z"}
{"level":"info","message":"⌛ Validating bin/posiciones.wlk","timeElapsed":121,"timestamp":"2024-06-15T01:03:50.075Z"}
{"level":"info","message":"⌛ Building environment","timeElapsed":111,"timestamp":"2024-08-14T18:16:26.628Z"}
{"level":"info","message":"onRequest - WORKSPACE_URI:file:///c%3A/Users/Rodriexe/git/2024s1-tp-grupal-juego-grupo-1-3","timestamp":"2024-08-14T18:16:26.631Z"}
{"level":"info","message":"⌛ Building environment","timeElapsed":154,"timestamp":"2024-08-14T18:16:26.786Z"}
{"level":"info","message":"⌛ Building environment","timeElapsed":111,"timestamp":"2024-08-14T18:16:26.898Z"}
{"level":"info","message":"⌛ Building environment","timeElapsed":145,"timestamp":"2024-08-14T18:16:27.135Z"}
{"level":"info","message":"⌛ Building environment","timeElapsed":137,"timestamp":"2024-08-14T18:16:27.272Z"}
{"level":"info","message":"⌛ Building environment","timeElapsed":134,"timestamp":"2024-08-14T18:16:27.407Z"}
{"level":"info","message":"⌛ Building environment","timeElapsed":106,"timestamp":"2024-08-14T18:16:27.515Z"}
{"level":"info","message":"⌛ Building environment","timeElapsed":111,"timestamp":"2024-08-14T18:16:27.627Z"}
{"level":"info","message":"⌛ Building environment","timeElapsed":122,"timestamp":"2024-08-14T18:16:27.817Z"}
{"level":"info","message":"⌛ Building environment","timeElapsed":111,"timestamp":"2024-08-14T18:16:28.009Z"}
{"level":"info","message":"⌛ Building environment","timeElapsed":161,"timestamp":"2024-08-14T18:16:28.271Z"}
{"level":"info","message":"⌛ Validating src/asterion.wlk","timeElapsed":106,"timestamp":"2024-08-14T18:16:28.378Z"}
{"level":"info","message":"⌛ Building environment","timeElapsed":435,"timestamp":"2024-08-14T18:16:28.914Z"}
{"level":"info","message":"⌛ Validating bin/asterion.wlk","timeElapsed":104,"timestamp":"2024-08-14T18:16:29.120Z"}
{"level":"info","message":"⌛ Validating src/tests.wtest","timeElapsed":120,"timestamp":"2024-08-14T18:16:29.240Z"}
{"level":"info","message":"⌛ Validating bin/artefactos.wlk","timeElapsed":180,"timestamp":"2024-08-14T18:16:29.421Z"}
{"level":"info","message":"⌛ Validating src/posiciones.wlk","timeElapsed":115,"timestamp":"2024-08-14T18:16:29.536Z"}
{"level":"info","message":"⌛ Validating src/menu.wlk","timeElapsed":122,"timestamp":"2024-08-14T18:16:29.658Z"}
{"level":"info","message":"⌛ Validating src/juego.wpgm","timeElapsed":117,"timestamp":"2024-08-14T18:16:29.775Z"}
{"level":"info","message":"⌛ Validating bin/tests.wtest","timeElapsed":124,"timestamp":"2024-08-14T18:16:29.900Z"}
{"level":"info","message":"⌛ Validating bin/posiciones.wlk","timeElapsed":127,"timestamp":"2024-08-14T18:16:30.026Z"}
{"level":"info","message":"⌛ Validating bin/menu.wlk","timeElapsed":135,"timestamp":"2024-08-14T18:16:30.163Z"}
{"level":"info","message":"⌛ Validating bin/juego.wpgm","timeElapsed":121,"timestamp":"2024-08-14T18:16:30.283Z"}
{"level":"info","message":"⌛ Validating bin/habitacion.wlk","timeElapsed":135,"timestamp":"2024-08-14T18:16:30.419Z"}
{"level":"info","message":"⌛ Validating src/asterion.wlk","timeElapsed":143,"timestamp":"2024-08-14T18:16:30.563Z"}
{"level":"info","message":"⌛ Validating src/habitacion.wlk","timeElapsed":105,"timestamp":"2024-08-14T18:16:30.668Z"}
{"level":"info","message":"⌛ Validating src/artefactos.wlk","timeElapsed":110,"timestamp":"2024-08-14T18:16:30.779Z"}
{"level":"info","message":"⌛ Validating bin/asterion.wlk","timeElapsed":103,"timestamp":"2024-08-14T18:16:30.882Z"}
{"level":"info","message":"⌛ Validating src/tests.wtest","timeElapsed":103,"timestamp":"2024-08-14T18:16:30.985Z"}
{"level":"info","message":"⌛ Validating bin/artefactos.wlk","timeElapsed":109,"timestamp":"2024-08-14T18:16:31.094Z"}
{"level":"info","message":"⌛ Validating src/posiciones.wlk","timeElapsed":114,"timestamp":"2024-08-14T18:16:31.208Z"}
{"level":"info","message":"⌛ Validating src/menu.wlk","timeElapsed":110,"timestamp":"2024-08-14T18:16:31.318Z"}
{"level":"info","message":"⌛ Validating src/juego.wpgm","timeElapsed":101,"timestamp":"2024-08-14T18:16:31.420Z"}
{"level":"info","message":"⌛ Validating bin/tests.wtest","timeElapsed":114,"timestamp":"2024-08-14T18:16:31.535Z"}
{"level":"info","message":"⌛ Validating bin/posiciones.wlk","timeElapsed":124,"timestamp":"2024-08-14T18:16:31.659Z"}
{"level":"info","message":"⌛ Validating bin/menu.wlk","timeElapsed":138,"timestamp":"2024-08-14T18:16:31.796Z"}
{"level":"info","message":"⌛ Validating bin/juego.wpgm","timeElapsed":155,"timestamp":"2024-08-14T18:16:31.952Z"}
{"level":"info","message":"⌛ Validating bin/habitacion.wlk","timeElapsed":133,"timestamp":"2024-08-14T18:16:32.086Z"}
{"level":"info","message":"⌛ Building environment","timeElapsed":466,"timestamp":"2024-08-14T18:16:39.352Z"}
{"level":"info","message":"⌛ Validating src/habitacion.wlk","timeElapsed":274,"timestamp":"2024-08-14T18:16:39.627Z"}
